<?xml version="1.0" encoding="UTF-8"?>
<!-- Generated by org.testng.reporters.JUnitXMLReporter -->
<testsuite ignored="0" hostname="Banty" failures="0" tests="10" name="Default test" time="156.624" errors="0" timestamp="2026-03-09T22:36:16 GMT-06:00">
  <testcase classname="tests.FlightBookingTest" name="bookFlight" time="11.076"/>
  <testcase classname="tests.FlightBookingTest" name="bookFlight" time="11.298"/>
  <testcase classname="tests.FlightBookingTest" name="bookFlight" time="10.765"/>
  <testcase classname="tests.FlightBookingTest" name="bookFlight" time="13.287"/>
  <testcase classname="tests.FlightBookingTest" name="bookFlight" time="11.501"/>
  <testcase classname="tests.FlightBookingTest" name="bookFlight" time="10.53"/>
  <testcase classname="tests.FlightBookingTest" name="bookFlight" time="12.838"/>
  <testcase classname="tests.FlightBookingTest" name="bookFlight" time="12.239"/>
  <testcase classname="tests.FlightBookingTest" name="bookFlight" time="12.124"/>
  <testcase classname="tests.FlightBookingTest" name="bookFlight" time="11.147"/>
</testsuite> <!-- Default test -->
