<?xml version="1.0" encoding="UTF-8"?>
<!-- Generated by org.testng.reporters.JUnitXMLReporter -->
<testsuite ignored="0" hostname="Banty" failures="0" tests="10" name="Default test" time="162.673" errors="0" timestamp="2026-03-10T00:43:32 GMT-06:00">
  <testcase classname="tests.FlightBookingTest" name="bookFlight" time="11.328"/>
  <testcase classname="tests.FlightBookingTest" name="bookFlight" time="14.572"/>
  <testcase classname="tests.FlightBookingTest" name="bookFlight" time="11.496"/>
  <testcase classname="tests.FlightBookingTest" name="bookFlight" time="11.218"/>
  <testcase classname="tests.FlightBookingTest" name="bookFlight" time="11.639"/>
  <testcase classname="tests.FlightBookingTest" name="bookFlight" time="11.412"/>
  <testcase classname="tests.FlightBookingTest" name="bookFlight" time="11.565"/>
  <testcase classname="tests.FlightBookingTest" name="bookFlight" time="11.375"/>
  <testcase classname="tests.FlightBookingTest" name="bookFlight" time="12.528"/>
  <testcase classname="tests.FlightBookingTest" name="bookFlight" time="11.922"/>
</testsuite> <!-- Default test -->
