<?xml version="1.0" encoding="UTF-8"?>
<!-- Generated by org.testng.reporters.JUnitXMLReporter -->
<testsuite ignored="0" hostname="Banty" failures="3" tests="10" name="FlightTest" time="147.205" errors="0" timestamp="2026-03-09T05:39:49 GMT-06:00">
  <testcase classname="tests.FlightBookingTest" name="bookFlight" time="11.913"/>
  <testcase classname="tests.FlightBookingTest" name="bookFlight" time="11.857"/>
  <testcase classname="tests.FlightBookingTest" name="bookFlight" time="11.715"/>
  <testcase classname="tests.FlightBookingTest" name="bookFlight" time="12.141"/>
  <testcase classname="tests.FlightBookingTest" name="bookFlight" time="11.696"/>
  <testcase classname="tests.FlightBookingTest" name="bookFlight" time="12.018"/>
  <testcase classname="tests.FlightBookingTest" name="bookFlight" time="11.65"/>
  <testcase classname="tests.FlightBookingTest" name="bookFlight" time="11.064">
    <failure type="java.lang.AssertionError" message="Intentional failure">
      <![CDATA[java.lang.AssertionError: Intentional failure
at tests.FlightBookingTest.bookFlight(FlightBookingTest.java:68)
at java.base/java.util.concurrent.Executors$RunnableAdapter.call(Executors.java:572)
at java.base/java.util.concurrent.FutureTask.run(FutureTask.java:317)
at java.base/java.util.concurrent.ThreadPoolExecutor.runWorker(ThreadPoolExecutor.java:1144)
at java.base/java.util.concurrent.ThreadPoolExecutor$Worker.run(ThreadPoolExecutor.java:642)
at java.base/java.lang.Thread.run(Thread.java:1583)
... Removed 12 stack frames]]>
    </failure>
  </testcase> <!-- bookFlight -->
  <testcase classname="tests.FlightBookingTest" name="bookFlight" time="11.973">
    <failure type="java.lang.AssertionError" message="Intentional failure">
      <![CDATA[java.lang.AssertionError: Intentional failure
at tests.FlightBookingTest.bookFlight(FlightBookingTest.java:68)
at java.base/java.util.concurrent.Executors$RunnableAdapter.call(Executors.java:572)
at java.base/java.util.concurrent.FutureTask.run(FutureTask.java:317)
at java.base/java.util.concurrent.ThreadPoolExecutor.runWorker(ThreadPoolExecutor.java:1144)
at java.base/java.util.concurrent.ThreadPoolExecutor$Worker.run(ThreadPoolExecutor.java:642)
at java.base/java.lang.Thread.run(Thread.java:1583)
... Removed 12 stack frames]]>
    </failure>
  </testcase> <!-- bookFlight -->
  <testcase classname="tests.FlightBookingTest" name="bookFlight" time="11.583">
    <failure type="java.lang.AssertionError" message="Intentional failure">
      <![CDATA[java.lang.AssertionError: Intentional failure
at tests.FlightBookingTest.bookFlight(FlightBookingTest.java:68)
at java.base/java.util.concurrent.Executors$RunnableAdapter.call(Executors.java:572)
at java.base/java.util.concurrent.FutureTask.run(FutureTask.java:317)
at java.base/java.util.concurrent.ThreadPoolExecutor.runWorker(ThreadPoolExecutor.java:1144)
at java.base/java.util.concurrent.ThreadPoolExecutor$Worker.run(ThreadPoolExecutor.java:642)
at java.base/java.lang.Thread.run(Thread.java:1583)
... Removed 12 stack frames]]>
    </failure>
  </testcase> <!-- bookFlight -->
</testsuite> <!-- FlightTest -->
