<?xml version="1.0" encoding="UTF-8"?>
<!-- Generated by org.testng.reporters.JUnitXMLReporter -->
<testsuite ignored="0" hostname="Banty" failures="3" tests="10" name="FlightTest" time="143.021" errors="0" timestamp="2026-03-09T04:44:58 GMT-06:00">
  <testcase classname="tests.FlightBookingTest" name="bookFlight" time="11.404"/>
  <testcase classname="tests.FlightBookingTest" name="bookFlight" time="11.636"/>
  <testcase classname="tests.FlightBookingTest" name="bookFlight" time="11.492"/>
  <testcase classname="tests.FlightBookingTest" name="bookFlight" time="11.468"/>
  <testcase classname="tests.FlightBookingTest" name="bookFlight" time="11.47"/>
  <testcase classname="tests.FlightBookingTest" name="bookFlight" time="11.234"/>
  <testcase classname="tests.FlightBookingTest" name="bookFlight" time="11.18"/>
  <testcase classname="tests.FlightBookingTest" name="bookFlight" time="11.309">
    <failure type="java.lang.AssertionError" message="Intentional failure">
      <![CDATA[java.lang.AssertionError: Intentional failure
at tests.FlightBookingTest.bookFlight(FlightBookingTest.java:68)
at java.base/java.util.concurrent.Executors$RunnableAdapter.call(Executors.java:572)
at java.base/java.util.concurrent.FutureTask.run(FutureTask.java:317)
at java.base/java.util.concurrent.ThreadPoolExecutor.runWorker(ThreadPoolExecutor.java:1144)
at java.base/java.util.concurrent.ThreadPoolExecutor$Worker.run(ThreadPoolExecutor.java:642)
at java.base/java.lang.Thread.run(Thread.java:1583)
... Removed 12 stack frames]]>
    </failure>
  </testcase> <!-- bookFlight -->
  <testcase classname="tests.FlightBookingTest" name="bookFlight" time="10.974">
    <failure type="java.lang.AssertionError" message="Intentional failure">
      <![CDATA[java.lang.AssertionError: Intentional failure
at tests.FlightBookingTest.bookFlight(FlightBookingTest.java:68)
at java.base/java.util.concurrent.Executors$RunnableAdapter.call(Executors.java:572)
at java.base/java.util.concurrent.FutureTask.run(FutureTask.java:317)
at java.base/java.util.concurrent.ThreadPoolExecutor.runWorker(ThreadPoolExecutor.java:1144)
at java.base/java.util.concurrent.ThreadPoolExecutor$Worker.run(ThreadPoolExecutor.java:642)
at java.base/java.lang.Thread.run(Thread.java:1583)
... Removed 12 stack frames]]>
    </failure>
  </testcase> <!-- bookFlight -->
  <testcase classname="tests.FlightBookingTest" name="bookFlight" time="11.301">
    <failure type="java.lang.AssertionError" message="Intentional failure">
      <![CDATA[java.lang.AssertionError: Intentional failure
at tests.FlightBookingTest.bookFlight(FlightBookingTest.java:68)
at java.base/java.util.concurrent.Executors$RunnableAdapter.call(Executors.java:572)
at java.base/java.util.concurrent.FutureTask.run(FutureTask.java:317)
at java.base/java.util.concurrent.ThreadPoolExecutor.runWorker(ThreadPoolExecutor.java:1144)
at java.base/java.util.concurrent.ThreadPoolExecutor$Worker.run(ThreadPoolExecutor.java:642)
at java.base/java.lang.Thread.run(Thread.java:1583)
... Removed 12 stack frames]]>
    </failure>
  </testcase> <!-- bookFlight -->
</testsuite> <!-- FlightTest -->
