<?xml version="1.0" encoding="UTF-8"?>
<testng-results ignored="0" total="10" passed="10" failed="0" skipped="0">
  <reporter-output>
  </reporter-output>
  <suite started-at="2026-03-09T22:33:39 GMT-06:00" name="Default suite" finished-at="2026-03-09T22:36:16 GMT-06:00" duration-ms="156624">
    <groups>
    </groups>
    <test started-at="2026-03-09T22:33:39 GMT-06:00" name="Default test" finished-at="2026-03-09T22:36:16 GMT-06:00" duration-ms="156624">
      <class name="tests.FlightBookingTest">
        <test-method is-config="true" signature="setup()[pri:0, instance:tests.FlightBookingTest@7e6f74c]" started-at="2026-03-09T22:33:40 GMT-06:00" name="setup" finished-at="2026-03-09T22:33:45 GMT-06:00" duration-ms="4665" status="PASS">
          <reporter-output>
          </reporter-output>
        </test-method> <!-- setup -->
        <test-method signature="bookFlight(java.lang.String,java.lang.String,java.lang.String,java.lang.String,java.lang.String,java.lang.String,java.lang.String,java.lang.String,java.lang.String,java.lang.String,java.lang.String,java.lang.String)[pri:0, instance:tests.FlightBookingTest@7e6f74c]" started-at="2026-03-09T22:33:45 GMT-06:00" name="bookFlight" data-provider="flightData" finished-at="2026-03-09T22:33:56 GMT-06:00" duration-ms="11076" status="PASS">
          <params>
            <param index="0">
              <value>
                <![CDATA[Boston         ]]>
              </value>
            </param>
            <param index="1">
              <value>
                <![CDATA[London]]>
              </value>
            </param>
            <param index="2">
              <value>
                <![CDATA[1]]>
              </value>
            </param>
            <param index="3">
              <value>
                <![CDATA[John Doe]]>
              </value>
            </param>
            <param index="4">
              <value>
                <![CDATA[Street21]]>
              </value>
            </param>
            <param index="5">
              <value>
                <![CDATA[New York]]>
              </value>
            </param>
            <param index="6">
              <value>
                <![CDATA[NY]]>
              </value>
            </param>
            <param index="7">
              <value>
                <![CDATA[123456]]>
              </value>
            </param>
            <param index="8">
              <value>
                <![CDATA[Visa]]>
              </value>
            </param>
            <param index="9">
              <value>
                <![CDATA[123456789012]]>
              </value>
            </param>
            <param index="10">
              <value>
                <![CDATA[John Doe]]>
              </value>
            </param>
            <param index="11">
              <value>
                <![CDATA[PASS]]>
              </value>
            </param>
          </params>
          <reporter-output>
          </reporter-output>
        </test-method> <!-- bookFlight -->
        <test-method is-config="true" signature="tearDown()[pri:0, instance:tests.FlightBookingTest@7e6f74c]" started-at="2026-03-09T22:33:56 GMT-06:00" name="tearDown" finished-at="2026-03-09T22:33:56 GMT-06:00" duration-ms="205" status="PASS">
          <reporter-output>
          </reporter-output>
        </test-method> <!-- tearDown -->
        <test-method is-config="true" signature="setup()[pri:0, instance:tests.FlightBookingTest@7e6f74c]" started-at="2026-03-09T22:33:56 GMT-06:00" name="setup" finished-at="2026-03-09T22:34:01 GMT-06:00" duration-ms="4541" status="PASS">
          <reporter-output>
          </reporter-output>
        </test-method> <!-- setup -->
        <test-method signature="bookFlight(java.lang.String,java.lang.String,java.lang.String,java.lang.String,java.lang.String,java.lang.String,java.lang.String,java.lang.String,java.lang.String,java.lang.String,java.lang.String,java.lang.String)[pri:0, instance:tests.FlightBookingTest@7e6f74c]" started-at="2026-03-09T22:34:01 GMT-06:00" name="bookFlight" data-provider="flightData" finished-at="2026-03-09T22:34:12 GMT-06:00" duration-ms="11298" status="PASS">
          <params>
            <param index="0">
              <value>
                <![CDATA[Paris           ]]>
              </value>
            </param>
            <param index="1">
              <value>
                <![CDATA[Rome]]>
              </value>
            </param>
            <param index="2">
              <value>
                <![CDATA[2]]>
              </value>
            </param>
            <param index="3">
              <value>
                <![CDATA[Alice Smith]]>
              </value>
            </param>
            <param index="4">
              <value>
                <![CDATA[Park Road]]>
              </value>
            </param>
            <param index="5">
              <value>
                <![CDATA[Chicago]]>
              </value>
            </param>
            <param index="6">
              <value>
                <![CDATA[IL]]>
              </value>
            </param>
            <param index="7">
              <value>
                <![CDATA[234567]]>
              </value>
            </param>
            <param index="8">
              <value>
                <![CDATA[American Express]]>
              </value>
            </param>
            <param index="9">
              <value>
                <![CDATA[234567890123]]>
              </value>
            </param>
            <param index="10">
              <value>
                <![CDATA[Alice Smith]]>
              </value>
            </param>
            <param index="11">
              <value>
                <![CDATA[PASS]]>
              </value>
            </param>
          </params>
          <reporter-output>
          </reporter-output>
        </test-method> <!-- bookFlight -->
        <test-method is-config="true" signature="tearDown()[pri:0, instance:tests.FlightBookingTest@7e6f74c]" started-at="2026-03-09T22:34:12 GMT-06:00" name="tearDown" finished-at="2026-03-09T22:34:12 GMT-06:00" duration-ms="232" status="PASS">
          <reporter-output>
          </reporter-output>
        </test-method> <!-- tearDown -->
        <test-method is-config="true" signature="setup()[pri:0, instance:tests.FlightBookingTest@7e6f74c]" started-at="2026-03-09T22:34:12 GMT-06:00" name="setup" finished-at="2026-03-09T22:34:15 GMT-06:00" duration-ms="2855" status="PASS">
          <reporter-output>
          </reporter-output>
        </test-method> <!-- setup -->
        <test-method signature="bookFlight(java.lang.String,java.lang.String,java.lang.String,java.lang.String,java.lang.String,java.lang.String,java.lang.String,java.lang.String,java.lang.String,java.lang.String,java.lang.String,java.lang.String)[pri:0, instance:tests.FlightBookingTest@7e6f74c]" started-at="2026-03-09T22:34:15 GMT-06:00" name="bookFlight" data-provider="flightData" finished-at="2026-03-09T22:34:26 GMT-06:00" duration-ms="10765" status="PASS">
          <params>
            <param index="0">
              <value>
                <![CDATA[San Diego       ]]>
              </value>
            </param>
            <param index="1">
              <value>
                <![CDATA[New York]]>
              </value>
            </param>
            <param index="2">
              <value>
                <![CDATA[3]]>
              </value>
            </param>
            <param index="3">
              <value>
                <![CDATA[Michael Brown]]>
              </value>
            </param>
            <param index="4">
              <value>
                <![CDATA[Lake View]]>
              </value>
            </param>
            <param index="5">
              <value>
                <![CDATA[Dallas]]>
              </value>
            </param>
            <param index="6">
              <value>
                <![CDATA[TX]]>
              </value>
            </param>
            <param index="7">
              <value>
                <![CDATA[345678]]>
              </value>
            </param>
            <param index="8">
              <value>
                <![CDATA[Diner's Club]]>
              </value>
            </param>
            <param index="9">
              <value>
                <![CDATA[345678901234]]>
              </value>
            </param>
            <param index="10">
              <value>
                <![CDATA[Michael Brown]]>
              </value>
            </param>
            <param index="11">
              <value>
                <![CDATA[PASS]]>
              </value>
            </param>
          </params>
          <reporter-output>
          </reporter-output>
        </test-method> <!-- bookFlight -->
        <test-method is-config="true" signature="tearDown()[pri:0, instance:tests.FlightBookingTest@7e6f74c]" started-at="2026-03-09T22:34:26 GMT-06:00" name="tearDown" finished-at="2026-03-09T22:34:26 GMT-06:00" duration-ms="196" status="PASS">
          <reporter-output>
          </reporter-output>
        </test-method> <!-- tearDown -->
        <test-method is-config="true" signature="setup()[pri:0, instance:tests.FlightBookingTest@7e6f74c]" started-at="2026-03-09T22:34:26 GMT-06:00" name="setup" finished-at="2026-03-09T22:34:30 GMT-06:00" duration-ms="4195" status="PASS">
          <reporter-output>
          </reporter-output>
        </test-method> <!-- setup -->
        <test-method signature="bookFlight(java.lang.String,java.lang.String,java.lang.String,java.lang.String,java.lang.String,java.lang.String,java.lang.String,java.lang.String,java.lang.String,java.lang.String,java.lang.String,java.lang.String)[pri:0, instance:tests.FlightBookingTest@7e6f74c]" started-at="2026-03-09T22:34:30 GMT-06:00" name="bookFlight" data-provider="flightData" finished-at="2026-03-09T22:34:44 GMT-06:00" duration-ms="13287" status="PASS">
          <params>
            <param index="0">
              <value>
                <![CDATA[Mexico City     ]]>
              </value>
            </param>
            <param index="1">
              <value>
                <![CDATA[Dublin]]>
              </value>
            </param>
            <param index="2">
              <value>
                <![CDATA[5]]>
              </value>
            </param>
            <param index="3">
              <value>
                <![CDATA[Emma Wilson]]>
              </value>
            </param>
            <param index="4">
              <value>
                <![CDATA[Green Road]]>
              </value>
            </param>
            <param index="5">
              <value>
                <![CDATA[Austin]]>
              </value>
            </param>
            <param index="6">
              <value>
                <![CDATA[TX]]>
              </value>
            </param>
            <param index="7">
              <value>
                <![CDATA[456789]]>
              </value>
            </param>
            <param index="8">
              <value>
                <![CDATA[Visa]]>
              </value>
            </param>
            <param index="9">
              <value>
                <![CDATA[456789012345]]>
              </value>
            </param>
            <param index="10">
              <value>
                <![CDATA[Emma Wilson]]>
              </value>
            </param>
            <param index="11">
              <value>
                <![CDATA[PASS]]>
              </value>
            </param>
          </params>
          <reporter-output>
          </reporter-output>
        </test-method> <!-- bookFlight -->
        <test-method is-config="true" signature="tearDown()[pri:0, instance:tests.FlightBookingTest@7e6f74c]" started-at="2026-03-09T22:34:44 GMT-06:00" name="tearDown" finished-at="2026-03-09T22:34:44 GMT-06:00" duration-ms="242" status="PASS">
          <reporter-output>
          </reporter-output>
        </test-method> <!-- tearDown -->
        <test-method is-config="true" signature="setup()[pri:0, instance:tests.FlightBookingTest@7e6f74c]" started-at="2026-03-09T22:34:44 GMT-06:00" name="setup" finished-at="2026-03-09T22:34:47 GMT-06:00" duration-ms="3333" status="PASS">
          <reporter-output>
          </reporter-output>
        </test-method> <!-- setup -->
        <test-method signature="bookFlight(java.lang.String,java.lang.String,java.lang.String,java.lang.String,java.lang.String,java.lang.String,java.lang.String,java.lang.String,java.lang.String,java.lang.String,java.lang.String,java.lang.String)[pri:0, instance:tests.FlightBookingTest@7e6f74c]" started-at="2026-03-09T22:34:47 GMT-06:00" name="bookFlight" data-provider="flightData" finished-at="2026-03-09T22:34:59 GMT-06:00" duration-ms="11501" status="PASS">
          <params>
            <param index="0">
              <value>
                <![CDATA[Boston          ]]>
              </value>
            </param>
            <param index="1">
              <value>
                <![CDATA[Rome]]>
              </value>
            </param>
            <param index="2">
              <value>
                <![CDATA[4]]>
              </value>
            </param>
            <param index="3">
              <value>
                <![CDATA[David Miller]]>
              </value>
            </param>
            <param index="4">
              <value>
                <![CDATA[Hill Street]]>
              </value>
            </param>
            <param index="5">
              <value>
                <![CDATA[Boston]]>
              </value>
            </param>
            <param index="6">
              <value>
                <![CDATA[MA]]>
              </value>
            </param>
            <param index="7">
              <value>
                <![CDATA[567890]]>
              </value>
            </param>
            <param index="8">
              <value>
                <![CDATA[Visa]]>
              </value>
            </param>
            <param index="9">
              <value>
                <![CDATA[567890123456]]>
              </value>
            </param>
            <param index="10">
              <value>
                <![CDATA[David Miller]]>
              </value>
            </param>
            <param index="11">
              <value>
                <![CDATA[PASS]]>
              </value>
            </param>
          </params>
          <reporter-output>
          </reporter-output>
        </test-method> <!-- bookFlight -->
        <test-method is-config="true" signature="tearDown()[pri:0, instance:tests.FlightBookingTest@7e6f74c]" started-at="2026-03-09T22:34:59 GMT-06:00" name="tearDown" finished-at="2026-03-09T22:34:59 GMT-06:00" duration-ms="314" status="PASS">
          <reporter-output>
          </reporter-output>
        </test-method> <!-- tearDown -->
        <test-method is-config="true" signature="setup()[pri:0, instance:tests.FlightBookingTest@7e6f74c]" started-at="2026-03-09T22:34:59 GMT-06:00" name="setup" finished-at="2026-03-09T22:35:03 GMT-06:00" duration-ms="3847" status="PASS">
          <reporter-output>
          </reporter-output>
        </test-method> <!-- setup -->
        <test-method signature="bookFlight(java.lang.String,java.lang.String,java.lang.String,java.lang.String,java.lang.String,java.lang.String,java.lang.String,java.lang.String,java.lang.String,java.lang.String,java.lang.String,java.lang.String)[pri:0, instance:tests.FlightBookingTest@7e6f74c]" started-at="2026-03-09T22:35:03 GMT-06:00" name="bookFlight" data-provider="flightData" finished-at="2026-03-09T22:35:13 GMT-06:00" duration-ms="10530" status="PASS">
          <params>
            <param index="0">
              <value>
                <![CDATA[Paris           ]]>
              </value>
            </param>
            <param index="1">
              <value>
                <![CDATA[London]]>
              </value>
            </param>
            <param index="2">
              <value>
                <![CDATA[5]]>
              </value>
            </param>
            <param index="3">
              <value>
                <![CDATA[Sophia Taylor]]>
              </value>
            </param>
            <param index="4">
              <value>
                <![CDATA[River Road]]>
              </value>
            </param>
            <param index="5">
              <value>
                <![CDATA[Seattle]]>
              </value>
            </param>
            <param index="6">
              <value>
                <![CDATA[WA]]>
              </value>
            </param>
            <param index="7">
              <value>
                <![CDATA[678901]]>
              </value>
            </param>
            <param index="8">
              <value>
                <![CDATA[American Express]]>
              </value>
            </param>
            <param index="9">
              <value>
                <![CDATA[678901234567]]>
              </value>
            </param>
            <param index="10">
              <value>
                <![CDATA[Sophia Taylor]]>
              </value>
            </param>
            <param index="11">
              <value>
                <![CDATA[PASS]]>
              </value>
            </param>
          </params>
          <reporter-output>
          </reporter-output>
        </test-method> <!-- bookFlight -->
        <test-method is-config="true" signature="tearDown()[pri:0, instance:tests.FlightBookingTest@7e6f74c]" started-at="2026-03-09T22:35:13 GMT-06:00" name="tearDown" finished-at="2026-03-09T22:35:14 GMT-06:00" duration-ms="226" status="PASS">
          <reporter-output>
          </reporter-output>
        </test-method> <!-- tearDown -->
        <test-method is-config="true" signature="setup()[pri:0, instance:tests.FlightBookingTest@7e6f74c]" started-at="2026-03-09T22:35:14 GMT-06:00" name="setup" finished-at="2026-03-09T22:35:16 GMT-06:00" duration-ms="2469" status="PASS">
          <reporter-output>
          </reporter-output>
        </test-method> <!-- setup -->
        <test-method signature="bookFlight(java.lang.String,java.lang.String,java.lang.String,java.lang.String,java.lang.String,java.lang.String,java.lang.String,java.lang.String,java.lang.String,java.lang.String,java.lang.String,java.lang.String)[pri:0, instance:tests.FlightBookingTest@7e6f74c]" started-at="2026-03-09T22:35:16 GMT-06:00" name="bookFlight" data-provider="flightData" finished-at="2026-03-09T22:35:29 GMT-06:00" duration-ms="12838" status="PASS">
          <params>
            <param index="0">
              <value>
                <![CDATA[Philadelphia    ]]>
              </value>
            </param>
            <param index="1">
              <value>
                <![CDATA[Cairo]]>
              </value>
            </param>
            <param index="2">
              <value>
                <![CDATA[1]]>
              </value>
            </param>
            <param index="3">
              <value>
                <![CDATA[Chris Evans]]>
              </value>
            </param>
            <param index="4">
              <value>
                <![CDATA[Street 5]]>
              </value>
            </param>
            <param index="5">
              <value>
                <![CDATA[Miami]]>
              </value>
            </param>
            <param index="6">
              <value>
                <![CDATA[FL]]>
              </value>
            </param>
            <param index="7">
              <value>
                <![CDATA[789012]]>
              </value>
            </param>
            <param index="8">
              <value>
                <![CDATA[Visa]]>
              </value>
            </param>
            <param index="9">
              <value>
                <![CDATA[789012345678]]>
              </value>
            </param>
            <param index="10">
              <value>
                <![CDATA[Chris Evans]]>
              </value>
            </param>
            <param index="11">
              <value>
                <![CDATA[PASS]]>
              </value>
            </param>
          </params>
          <reporter-output>
          </reporter-output>
        </test-method> <!-- bookFlight -->
        <test-method is-config="true" signature="tearDown()[pri:0, instance:tests.FlightBookingTest@7e6f74c]" started-at="2026-03-09T22:35:29 GMT-06:00" name="tearDown" finished-at="2026-03-09T22:35:29 GMT-06:00" duration-ms="558" status="PASS">
          <reporter-output>
          </reporter-output>
        </test-method> <!-- tearDown -->
        <test-method is-config="true" signature="setup()[pri:0, instance:tests.FlightBookingTest@7e6f74c]" started-at="2026-03-09T22:35:29 GMT-06:00" name="setup" finished-at="2026-03-09T22:35:33 GMT-06:00" duration-ms="3450" status="PASS">
          <reporter-output>
          </reporter-output>
        </test-method> <!-- setup -->
        <test-method signature="bookFlight(java.lang.String,java.lang.String,java.lang.String,java.lang.String,java.lang.String,java.lang.String,java.lang.String,java.lang.String,java.lang.String,java.lang.String,java.lang.String,java.lang.String)[pri:0, instance:tests.FlightBookingTest@7e6f74c]" started-at="2026-03-09T22:35:33 GMT-06:00" name="bookFlight" data-provider="flightData" finished-at="2026-03-09T22:35:45 GMT-06:00" duration-ms="12239" status="PASS">
          <params>
            <param index="0">
              <value>
                <![CDATA[Boston          ]]>
              </value>
            </param>
            <param index="1">
              <value>
                <![CDATA[Dublin]]>
              </value>
            </param>
            <param index="2">
              <value>
                <![CDATA[2]]>
              </value>
            </param>
            <param index="3">
              <value>
                <![CDATA[]]>
              </value>
            </param>
            <param index="4">
              <value>
                <![CDATA[Street 1]]>
              </value>
            </param>
            <param index="5">
              <value>
                <![CDATA[Miami]]>
              </value>
            </param>
            <param index="6">
              <value>
                <![CDATA[FL]]>
              </value>
            </param>
            <param index="7">
              <value>
                <![CDATA[789012]]>
              </value>
            </param>
            <param index="8">
              <value>
                <![CDATA[Visa]]>
              </value>
            </param>
            <param index="9">
              <value>
                <![CDATA[123]]>
              </value>
            </param>
            <param index="10">
              <value>
                <![CDATA[Same City]]>
              </value>
            </param>
            <param index="11">
              <value>
                <![CDATA[FAIL]]>
              </value>
            </param>
          </params>
          <reporter-output>
          </reporter-output>
        </test-method> <!-- bookFlight -->
        <test-method is-config="true" signature="tearDown()[pri:0, instance:tests.FlightBookingTest@7e6f74c]" started-at="2026-03-09T22:35:45 GMT-06:00" name="tearDown" finished-at="2026-03-09T22:35:45 GMT-06:00" duration-ms="244" status="PASS">
          <reporter-output>
          </reporter-output>
        </test-method> <!-- tearDown -->
        <test-method is-config="true" signature="setup()[pri:0, instance:tests.FlightBookingTest@7e6f74c]" started-at="2026-03-09T22:35:45 GMT-06:00" name="setup" finished-at="2026-03-09T22:35:48 GMT-06:00" duration-ms="2668" status="PASS">
          <reporter-output>
          </reporter-output>
        </test-method> <!-- setup -->
        <test-method signature="bookFlight(java.lang.String,java.lang.String,java.lang.String,java.lang.String,java.lang.String,java.lang.String,java.lang.String,java.lang.String,java.lang.String,java.lang.String,java.lang.String,java.lang.String)[pri:0, instance:tests.FlightBookingTest@7e6f74c]" started-at="2026-03-09T22:35:48 GMT-06:00" name="bookFlight" data-provider="flightData" finished-at="2026-03-09T22:36:00 GMT-06:00" duration-ms="12124" status="PASS">
          <params>
            <param index="0">
              <value>
                <![CDATA[Paris          ]]>
              </value>
            </param>
            <param index="1">
              <value>
                <![CDATA[New York]]>
              </value>
            </param>
            <param index="2">
              <value>
                <![CDATA[3]]>
              </value>
            </param>
            <param index="3">
              <value>
                <![CDATA[Daniel Lee]]>
              </value>
            </param>
            <param index="4">
              <value>
                <![CDATA[Street 2]]>
              </value>
            </param>
            <param index="5">
              <value>
                <![CDATA[Denver]]>
              </value>
            </param>
            <param index="6">
              <value>
                <![CDATA[CO]]>
              </value>
            </param>
            <param index="7">
              <value>
                <![CDATA[890123]]>
              </value>
            </param>
            <param index="8">
              <value>
                <![CDATA[Visa]]>
              </value>
            </param>
            <param index="9">
              <value>
                <![CDATA[456]]>
              </value>
            </param>
            <param index="10">
              <value>
                <![CDATA[Daniel Lee]]>
              </value>
            </param>
            <param index="11">
              <value>
                <![CDATA[FAIL]]>
              </value>
            </param>
          </params>
          <reporter-output>
          </reporter-output>
        </test-method> <!-- bookFlight -->
        <test-method is-config="true" signature="tearDown()[pri:0, instance:tests.FlightBookingTest@7e6f74c]" started-at="2026-03-09T22:36:00 GMT-06:00" name="tearDown" finished-at="2026-03-09T22:36:02 GMT-06:00" duration-ms="1846" status="PASS">
          <reporter-output>
          </reporter-output>
        </test-method> <!-- tearDown -->
        <test-method is-config="true" signature="setup()[pri:0, instance:tests.FlightBookingTest@7e6f74c]" started-at="2026-03-09T22:36:02 GMT-06:00" name="setup" finished-at="2026-03-09T22:36:04 GMT-06:00" duration-ms="2521" status="PASS">
          <reporter-output>
          </reporter-output>
        </test-method> <!-- setup -->
        <test-method signature="bookFlight(java.lang.String,java.lang.String,java.lang.String,java.lang.String,java.lang.String,java.lang.String,java.lang.String,java.lang.String,java.lang.String,java.lang.String,java.lang.String,java.lang.String)[pri:0, instance:tests.FlightBookingTest@7e6f74c]" started-at="2026-03-09T22:36:04 GMT-06:00" name="bookFlight" data-provider="flightData" finished-at="2026-03-09T22:36:16 GMT-06:00" duration-ms="11147" status="PASS">
          <params>
            <param index="0">
              <value>
                <![CDATA[Mexico City     ]]>
              </value>
            </param>
            <param index="1">
              <value>
                <![CDATA[London]]>
              </value>
            </param>
            <param index="2">
              <value>
                <![CDATA[4]]>
              </value>
            </param>
            <param index="3">
              <value>
                <![CDATA[James White]]>
              </value>
            </param>
            <param index="4">
              <value>
                <![CDATA[Street 4]]>
              </value>
            </param>
            <param index="5">
              <value>
                <![CDATA[Dallas]]>
              </value>
            </param>
            <param index="6">
              <value>
                <![CDATA[TX]]>
              </value>
            </param>
            <param index="7">
              <value>
                <![CDATA[111]]>
              </value>
            </param>
            <param index="8">
              <value>
                <![CDATA[Visa]]>
              </value>
            </param>
            <param index="9">
              <value>
                <![CDATA[111111111111]]>
              </value>
            </param>
            <param index="10">
              <value>
                <![CDATA[James White]]>
              </value>
            </param>
            <param index="11">
              <value>
                <![CDATA[FAIL]]>
              </value>
            </param>
          </params>
          <reporter-output>
          </reporter-output>
        </test-method> <!-- bookFlight -->
        <test-method is-config="true" signature="tearDown()[pri:0, instance:tests.FlightBookingTest@7e6f74c]" started-at="2026-03-09T22:36:16 GMT-06:00" name="tearDown" finished-at="2026-03-09T22:36:16 GMT-06:00" duration-ms="373" status="PASS">
          <reporter-output>
          </reporter-output>
        </test-method> <!-- tearDown -->
      </class> <!-- tests.FlightBookingTest -->
    </test> <!-- Default test -->
  </suite> <!-- Default suite -->
</testng-results>
