<?xml version="1.0" encoding="UTF-8"?>
<!-- Generated by org.testng.reporters.JUnitReportReporter -->
<testsuite hostname="Banty" failures="0" tests="10" name="tests.FlightBookingTest" time="155.785" errors="0" timestamp="2026-03-09T22:36:16 GMT-06:00" skipped="0">
  <testcase classname="tests.FlightBookingTest" name="bookFlight" time="14.727"/>
  <testcase classname="tests.FlightBookingTest" name="bookFlight" time="17.539"/>
  <testcase classname="tests.FlightBookingTest" name="bookFlight" time="15.074"/>
  <testcase classname="tests.FlightBookingTest" name="bookFlight" time="15.387"/>
  <testcase classname="tests.FlightBookingTest" name="bookFlight" time="15.186"/>
  <testcase classname="tests.FlightBookingTest" name="bookFlight" time="15.973"/>
  <testcase classname="tests.FlightBookingTest" name="bookFlight" time="16.861"/>
  <testcase classname="tests.FlightBookingTest" name="bookFlight" time="17.110"/>
  <testcase classname="tests.FlightBookingTest" name="bookFlight" time="14.107"/>
  <testcase classname="tests.FlightBookingTest" name="bookFlight" time="13.821"/>
</testsuite> <!-- tests.FlightBookingTest -->
